2019-12-27 23:57:14,816 INFO org.springframework.boot.SpringApplication [main] No active profile set, falling back to default profiles: default
2019-12-27 23:57:23,115 INFO org.springframework.boot.StartupInfoLogger [main] Started BitcoinServiceApplication in 10.524 seconds (JVM running for 12.06)
2019-12-27 23:58:24,110 INFO com.sep.bitcoinservice.service.Logging [https-jsse-nio-8444-exec-6] Transaction saved: 1
2019-12-27 23:58:47,873 INFO com.sep.bitcoinservice.service.Logging [https-jsse-nio-8444-exec-1] Transaction saved: 2
2019-12-27 23:59:19,389 INFO com.sep.bitcoinservice.service.Logging [Timer-0] Transaction (id: 1) status changed from 'pending' to 'invalid'
2019-12-27 23:59:33,153 INFO com.sep.bitcoinservice.service.Logging [Timer-1] Transaction (id: 2) status changed from 'pending' to 'paid'
2019-12-28 00:00:00,177 INFO com.sep.bitcoinservice.service.Logging [https-jsse-nio-8444-exec-6] Transaction saved: 3
2019-12-28 00:10:01,197 INFO com.sep.bitcoinservice.service.Logging [https-jsse-nio-8444-exec-6] Transaction (id: 3) status changed from 'pending' to 'expired'
2019-12-28 00:11:05,483 INFO com.sep.bitcoinservice.service.Logging [https-jsse-nio-8444-exec-2] Transaction saved: 4
2019-12-28 00:11:10,752 INFO com.sep.bitcoinservice.service.Logging [Timer-3] Transaction (id: 4) status changed from 'pending' to 'invalid'
2019-12-28 00:13:33,170 INFO org.springframework.boot.SpringApplication [main] No active profile set, falling back to default profiles: default
2019-12-28 00:13:38,433 INFO org.springframework.boot.StartupInfoLogger [main] Started BitcoinServiceApplication in 6.635 seconds (JVM running for 7.59)
2019-12-28 00:18:51,224 INFO com.sep.bitcoinservice.service.Logging [https-jsse-nio-8444-exec-6] Transaction saved: 1
2019-12-28 00:19:26,376 INFO com.sep.bitcoinservice.service.Logging [Timer-0] Transaction (id: 1) status changed from 'pending' to 'confirming'
2019-12-28 00:19:50,513 INFO com.sep.bitcoinservice.service.Logging [https-jsse-nio-8444-exec-5] Transaction saved: 2
2019-12-28 00:21:25,691 INFO com.sep.bitcoinservice.service.Logging [Timer-1] Transaction (id: 2) status changed from 'pending' to 'invalid'
2019-12-28 00:22:43,570 INFO com.sep.bitcoinservice.service.Logging [https-jsse-nio-8444-exec-5] Transaction saved: 3
2019-12-28 00:22:48,752 INFO com.sep.bitcoinservice.service.Logging [Timer-2] Transaction (id: 3) status changed from 'pending' to 'paid'
2019-12-28 08:24:31,265 INFO org.springframework.boot.SpringApplication [main] No active profile set, falling back to default profiles: default
2019-12-28 08:24:36,200 INFO org.springframework.boot.StartupInfoLogger [main] Started BitcoinServiceApplication in 6.127 seconds (JVM running for 6.928)
2019-12-28 09:09:40,699 INFO com.sep.bitcoinservice.service.Logging [https-jsse-nio-8444-exec-6] Transaction saved: 1
2019-12-28 09:10:59,080 INFO com.sep.bitcoinservice.service.Logging [https-jsse-nio-8444-exec-9] Transaction (id: 1) status changed from 'pending' to 'confirming'
2019-12-28 09:13:16,093 INFO org.springframework.boot.SpringApplication [main] No active profile set, falling back to default profiles: default
2019-12-28 09:13:20,152 INFO org.springframework.boot.StartupInfoLogger [main] Started BitcoinServiceApplication in 5.245 seconds (JVM running for 6.025)
2019-12-28 09:21:44,025 INFO com.sep.bitcoinservice.service.Logging [https-jsse-nio-8444-exec-3] Transaction saved: 1
2019-12-28 09:22:56,271 INFO com.sep.bitcoinservice.service.Logging [https-jsse-nio-8444-exec-5] Transaction (id: 1) status changed from 'pending' to 'invalid'
